<?xml version="1.0" encoding="UTF-8"?>
<!-- Generated by org.testng.reporters.JUnitReportReporter -->
<testsuite hostname="DESKTOP-26QFA5E" failures="0" tests="1" name="com.seleniumtest.tests.OpenYoutube" time="6.934" errors="0" timestamp="2025-09-24T12:42:42 IST" skipped="0">
  <testcase classname="com.seleniumtest.tests.OpenYoutube" name="openYouTube" time="6.934"/>
</testsuite> <!-- com.seleniumtest.tests.OpenYoutube -->
